# JRE version: Java(TM) SE Runtime Environment (8.0_231-b11) (build 1.8.0_231-b11)
# Java VM: Java HotSpot(TM) 64-Bit Server VM (25.231-b11 mixed mode windows-amd64 compressed oops)
Heap:
 PSYoungGen      total 426496K, used 331887K [0x00000000d6500000, 0x00000000f2d00000, 0x0000000100000000)
  eden space 411136K, 76% used [0x00000000d6500000,0x00000000e9a1d0e8,0x00000000ef680000)
  from space 15360K, 99% used [0x00000000f1e00000,0x00000000f2cfee30,0x00000000f2d00000)
  to   space 19456K, 0% used [0x00000000f0700000,0x00000000f0700000,0x00000000f1a00000)
 ParOldGen       total 119808K, used 30449K [0x0000000082e00000, 0x000000008a300000, 0x00000000d6500000)
  object space 119808K, 25% used [0x0000000082e00000,0x0000000084bbc788,0x000000008a300000)
 Metaspace       used 74279K, capacity 77940K, committed 78080K, reserved 1116160K
  class space    used 10081K, capacity 10715K, committed 10752K, reserved 1048576K
GC Heap History (10 events):
Event: 8.070 GC heap before
{Heap before GC invocations=13 (full 2):
 PSYoungGen      total 273408K, used 261632K [0x00000000d6500000, 0x00000000ed200000, 0x0000000100000000)
  eden space 261632K, 100% used [0x00000000d6500000,0x00000000e6480000,0x00000000e6480000)
  from space 11776K, 0% used [0x00000000e6f80000,0x00000000e6f80000,0x00000000e7b00000)
  to   space 11264K, 0% used [0x00000000e6480000,0x00000000e6480000,0x00000000e6f80000)
 ParOldGen       total 81408K, used 12337K [0x0000000082e00000, 0x0000000087d80000, 0x00000000d6500000)
  object space 81408K, 15% used [0x0000000082e00000,0x0000000083a0c658,0x0000000087d80000)
 Metaspace       used 44915K, capacity 46828K, committed 46976K, reserved 1089536K
  class space    used 5878K, capacity 6229K, committed 6272K, reserved 1048576K
Event: 8.086 GC heap after
Heap after GC invocations=13 (full 2):
 PSYoungGen      total 272896K, used 11258K [0x00000000d6500000, 0x00000000ed780000, 0x0000000100000000)
  eden space 261632K, 0% used [0x00000000d6500000,0x00000000d6500000,0x00000000e6480000)
  from space 11264K, 99% used [0x00000000e6480000,0x00000000e6f7eac0,0x00000000e6f80000)
  to   space 15872K, 0% used [0x00000000ec800000,0x00000000ec800000,0x00000000ed780000)
 ParOldGen       total 81408K, used 21132K [0x0000000082e00000, 0x0000000087d80000, 0x00000000d6500000)
  object space 81408K, 25% used [0x0000000082e00000,0x00000000842a3158,0x0000000087d80000)
 Metaspace       used 44915K, capacity 46828K, committed 46976K, reserved 1089536K
  class space    used 5878K, capacity 6229K, committed 6272K, reserved 1048576K
}
Event: 9.055 GC heap before
{Heap before GC invocations=14 (full 2):
 PSYoungGen      total 272896K, used 272890K [0x00000000d6500000, 0x00000000ed780000, 0x0000000100000000)
  eden space 261632K, 100% used [0x00000000d6500000,0x00000000e6480000,0x00000000e6480000)
  from space 11264K, 99% used [0x00000000e6480000,0x00000000e6f7eac0,0x00000000e6f80000)
  to   space 15872K, 0% used [0x00000000ec800000,0x00000000ec800000,0x00000000ed780000)
 ParOldGen       total 81408K, used 21132K [0x0000000082e00000, 0x0000000087d80000, 0x00000000d6500000)
  object space 81408K, 25% used [0x0000000082e00000,0x00000000842a3158,0x0000000087d80000)
 Metaspace       used 49202K, capacity 51716K, committed 51840K, reserved 1093632K
  class space    used 6305K, capacity 6779K, committed 6784K, reserved 1048576K
Event: 9.062 GC heap after
Heap after GC invocations=14 (full 2):
 PSYoungGen      total 350208K, used 3523K [0x00000000d6500000, 0x00000000ed100000, 0x0000000100000000)
  eden space 340992K, 0% used [0x00000000d6500000,0x00000000d6500000,0x00000000eb200000)
  from space 9216K, 38% used [0x00000000ec800000,0x00000000ecb70e10,0x00000000ed100000)
  to   space 15872K, 0% used [0x00000000eb200000,0x00000000eb200000,0x00000000ec180000)
 ParOldGen       total 81408K, used 24843K [0x0000000082e00000, 0x0000000087d80000, 0x00000000d6500000)
  object space 81408K, 30% used [0x0000000082e00000,0x0000000084642e30,0x0000000087d80000)
 Metaspace       used 49202K, capacity 51716K, committed 51840K, reserved 1093632K
  class space    used 6305K, capacity 6779K, committed 6784K, reserved 1048576K
}
Event: 10.054 GC heap before
{Heap before GC invocations=15 (full 2):
 PSYoungGen      total 350208K, used 113610K [0x00000000d6500000, 0x00000000ed100000, 0x0000000100000000)
  eden space 340992K, 32% used [0x00000000d6500000,0x00000000dd081bf0,0x00000000eb200000)
  from space 9216K, 38% used [0x00000000ec800000,0x00000000ecb70e10,0x00000000ed100000)
  to   space 15872K, 0% used [0x00000000eb200000,0x00000000eb200000,0x00000000ec180000)
 ParOldGen       total 81408K, used 24843K [0x0000000082e00000, 0x0000000087d80000, 0x00000000d6500000)
  object space 81408K, 30% used [0x0000000082e00000,0x0000000084642e30,0x0000000087d80000)
 Metaspace       used 56342K, capacity 58914K, committed 59008K, reserved 1099776K
  class space    used 7483K, capacity 7990K, committed 8064K, reserved 1048576K
Event: 10.061 GC heap after
Heap after GC invocations=15 (full 2):
 PSYoungGen      total 356864K, used 7349K [0x00000000d6500000, 0x00000000f2d00000, 0x0000000100000000)
  eden space 340992K, 0% used [0x00000000d6500000,0x00000000d6500000,0x00000000eb200000)
  from space 15872K, 46% used [0x00000000eb200000,0x00000000eb92d458,0x00000000ec180000)
  to   space 15360K, 0% used [0x00000000f1e00000,0x00000000f1e00000,0x00000000f2d00000)
 ParOldGen       total 81408K, used 27683K [0x0000000082e00000, 0x0000000087d80000, 0x00000000d6500000)
  object space 81408K, 34% used [0x0000000082e00000,0x0000000084908e60,0x0000000087d80000)
 Metaspace       used 56342K, capacity 58914K, committed 59008K, reserved 1099776K
  class space    used 7483K, capacity 7990K, committed 8064K, reserved 1048576K
}
Event: 10.061 GC heap before
{Heap before GC invocations=16 (full 3):
 PSYoungGen      total 356864K, used 7349K [0x00000000d6500000, 0x00000000f2d00000, 0x0000000100000000)
  eden space 340992K, 0% used [0x00000000d6500000,0x00000000d6500000,0x00000000eb200000)
  from space 15872K, 46% used [0x00000000eb200000,0x00000000eb92d458,0x00000000ec180000)
  to   space 15360K, 0% used [0x00000000f1e00000,0x00000000f1e00000,0x00000000f2d00000)
 ParOldGen       total 81408K, used 27683K [0x0000000082e00000, 0x0000000087d80000, 0x00000000d6500000)
  object space 81408K, 34% used [0x0000000082e00000,0x0000000084908e60,0x0000000087d80000)
 Metaspace       used 56342K, capacity 58914K, committed 59008K, reserved 1099776K
  class space    used 7483K, capacity 7990K, committed 8064K, reserved 1048576K
Event: 10.195 GC heap after
Heap after GC invocations=16 (full 3):
 PSYoungGen      total 356864K, used 0K [0x00000000d6500000, 0x00000000f2d00000, 0x0000000100000000)
  eden space 340992K, 0% used [0x00000000d6500000,0x00000000d6500000,0x00000000eb200000)
  from space 15872K, 0% used [0x00000000eb200000,0x00000000eb200000,0x00000000ec180000)
  to   space 15360K, 0% used [0x00000000f1e00000,0x00000000f1e00000,0x00000000f2d00000)
 ParOldGen       total 119808K, used 24578K [0x0000000082e00000, 0x000000008a300000, 0x00000000d6500000)
  object space 119808K, 20% used [0x0000000082e00000,0x0000000084600b10,0x000000008a300000)
 Metaspace       used 56342K, capacity 58914K, committed 59008K, reserved 1099776K
  class space    used 7483K, capacity 7990K, committed 8064K, reserved 1048576K
}
Event: 117.854 GC heap before
{Heap before GC invocations=17 (full 3):
 PSYoungGen      total 356864K, used 340992K [0x00000000d6500000, 0x00000000f2d00000, 0x0000000100000000)
  eden space 340992K, 100% used [0x00000000d6500000,0x00000000eb200000,0x00000000eb200000)
  from space 15872K, 0% used [0x00000000eb200000,0x00000000eb200000,0x00000000ec180000)
  to   space 15360K, 0% used [0x00000000f1e00000,0x00000000f1e00000,0x00000000f2d00000)
 ParOldGen       total 119808K, used 24578K [0x0000000082e00000, 0x000000008a300000, 0x00000000d6500000)
  object space 119808K, 20% used [0x0000000082e00000,0x0000000084600b10,0x000000008a300000)
 Metaspace       used 74124K, capacity 77736K, committed 77824K, reserved 1116160K
  class space    used 10078K, capacity 10713K, committed 10752K, reserved 1048576K
Event: 117.870 GC heap after
Heap after GC invocations=17 (full 3):
 PSYoungGen      total 426496K, used 15355K [0x00000000d6500000, 0x00000000f2d00000, 0x0000000100000000)
  eden space 411136K, 0% used [0x00000000d6500000,0x00000000d6500000,0x00000000ef680000)
  from space 15360K, 99% used [0x00000000f1e00000,0x00000000f2cfee30,0x00000000f2d00000)
  to   space 19456K, 0% used [0x00000000f0700000,0x00000000f0700000,0x00000000f1a00000)
 ParOldGen       total 119808K, used 30449K [0x0000000082e00000, 0x000000008a300000, 0x00000000d6500000)
  object space 119808K, 25% used [0x0000000082e00000,0x0000000084bbc788,0x000000008a300000)
 Metaspace       used 74124K, capacity 77736K, committed 77824K, reserved 1116160K
  class space    used 10078K, capacity 10713K, committed 10752K, reserved 1048576K
}

