# JRE version: Java(TM) SE Runtime Environment (8.0_231-b11) (build 1.8.0_231-b11)
# Java VM: Java HotSpot(TM) 64-Bit Server VM (25.231-b11 mixed mode windows-amd64 compressed oops)
Heap:
 PSYoungGen      total 137216K, used 36066K [0x00000000d6500000, 0x00000000e7600000, 0x0000000100000000)
  eden space 130560K, 27% used [0x00000000d6500000,0x00000000d8838a88,0x00000000de480000)
  from space 6656K, 0% used [0x00000000de480000,0x00000000de480000,0x00000000deb00000)
  to   space 9216K, 0% used [0x00000000e6d00000,0x00000000e6d00000,0x00000000e7600000)
 ParOldGen       total 56832K, used 9746K [0x0000000082e00000, 0x0000000086580000, 0x00000000d6500000)
  object space 56832K, 17% used [0x0000000082e00000,0x0000000083784a60,0x0000000086580000)
 Metaspace       used 22891K, capacity 23660K, committed 23936K, reserved 1071104K
  class space    used 2921K, capacity 3136K, committed 3200K, reserved 1048576K
GC Heap History (10 events):
Event: 2.005 GC heap before
{Heap before GC invocations=4 (full 0):
 PSYoungGen      total 37888K, used 36425K [0x00000000d6500000, 0x00000000daf00000, 0x0000000100000000)
  eden space 32768K, 100% used [0x00000000d6500000,0x00000000d8500000,0x00000000d8500000)
  from space 5120K, 71% used [0x00000000d8500000,0x00000000d8892728,0x00000000d8a00000)
  to   space 5120K, 0% used [0x00000000daa00000,0x00000000daa00000,0x00000000daf00000)
 ParOldGen       total 86016K, used 24K [0x0000000082e00000, 0x0000000088200000, 0x00000000d6500000)
  object space 86016K, 0% used [0x0000000082e00000,0x0000000082e06000,0x0000000088200000)
 Metaspace       used 12048K, capacity 12278K, committed 12544K, reserved 1060864K
  class space    used 1381K, capacity 1448K, committed 1536K, reserved 1048576K
Event: 2.011 GC heap after
Heap after GC invocations=4 (full 0):
 PSYoungGen      total 70656K, used 4661K [0x00000000d6500000, 0x00000000daf00000, 0x0000000100000000)
  eden space 65536K, 0% used [0x00000000d6500000,0x00000000d6500000,0x00000000da500000)
  from space 5120K, 91% used [0x00000000daa00000,0x00000000dae8d660,0x00000000daf00000)
  to   space 5120K, 0% used [0x00000000da500000,0x00000000da500000,0x00000000daa00000)
 ParOldGen       total 86016K, used 32K [0x0000000082e00000, 0x0000000088200000, 0x00000000d6500000)
  object space 86016K, 0% used [0x0000000082e00000,0x0000000082e08000,0x0000000088200000)
 Metaspace       used 12048K, capacity 12278K, committed 12544K, reserved 1060864K
  class space    used 1381K, capacity 1448K, committed 1536K, reserved 1048576K
}
Event: 2.204 GC heap before
{Heap before GC invocations=5 (full 0):
 PSYoungGen      total 70656K, used 70197K [0x00000000d6500000, 0x00000000daf00000, 0x0000000100000000)
  eden space 65536K, 100% used [0x00000000d6500000,0x00000000da500000,0x00000000da500000)
  from space 5120K, 91% used [0x00000000daa00000,0x00000000dae8d660,0x00000000daf00000)
  to   space 5120K, 0% used [0x00000000da500000,0x00000000da500000,0x00000000daa00000)
 ParOldGen       total 86016K, used 32K [0x0000000082e00000, 0x0000000088200000, 0x00000000d6500000)
  object space 86016K, 0% used [0x0000000082e00000,0x0000000082e08000,0x0000000088200000)
 Metaspace       used 13481K, capacity 13762K, committed 14080K, reserved 1060864K
  class space    used 1638K, capacity 1725K, committed 1792K, reserved 1048576K
Event: 2.208 GC heap after
Heap after GC invocations=5 (full 0):
 PSYoungGen      total 70656K, used 5104K [0x00000000d6500000, 0x00000000df100000, 0x0000000100000000)
  eden space 65536K, 0% used [0x00000000d6500000,0x00000000d6500000,0x00000000da500000)
  from space 5120K, 99% used [0x00000000da500000,0x00000000da9fc188,0x00000000daa00000)
  to   space 6144K, 0% used [0x00000000deb00000,0x00000000deb00000,0x00000000df100000)
 ParOldGen       total 86016K, used 300K [0x0000000082e00000, 0x0000000088200000, 0x00000000d6500000)
  object space 86016K, 0% used [0x0000000082e00000,0x0000000082e4b0d0,0x0000000088200000)
 Metaspace       used 13481K, capacity 13762K, committed 14080K, reserved 1060864K
  class space    used 1638K, capacity 1725K, committed 1792K, reserved 1048576K
}
Event: 2.353 GC heap before
{Heap before GC invocations=6 (full 0):
 PSYoungGen      total 70656K, used 70640K [0x00000000d6500000, 0x00000000df100000, 0x0000000100000000)
  eden space 65536K, 100% used [0x00000000d6500000,0x00000000da500000,0x00000000da500000)
  from space 5120K, 99% used [0x00000000da500000,0x00000000da9fc188,0x00000000daa00000)
  to   space 6144K, 0% used [0x00000000deb00000,0x00000000deb00000,0x00000000df100000)
 ParOldGen       total 86016K, used 300K [0x0000000082e00000, 0x0000000088200000, 0x00000000d6500000)
  object space 86016K, 0% used [0x0000000082e00000,0x0000000082e4b0d0,0x0000000088200000)
 Metaspace       used 14683K, capacity 15030K, committed 15360K, reserved 1062912K
  class space    used 1817K, capacity 1929K, committed 2048K, reserved 1048576K
Event: 2.359 GC heap after
Heap after GC invocations=6 (full 0):
 PSYoungGen      total 136704K, used 5916K [0x00000000d6500000, 0x00000000df200000, 0x0000000100000000)
  eden space 130560K, 0% used [0x00000000d6500000,0x00000000d6500000,0x00000000de480000)
  from space 6144K, 96% used [0x00000000deb00000,0x00000000df0c73b0,0x00000000df100000)
  to   space 6656K, 0% used [0x00000000de480000,0x00000000de480000,0x00000000deb00000)
 ParOldGen       total 86016K, used 308K [0x0000000082e00000, 0x0000000088200000, 0x00000000d6500000)
  object space 86016K, 0% used [0x0000000082e00000,0x0000000082e4d0d0,0x0000000088200000)
 Metaspace       used 14683K, capacity 15030K, committed 15360K, reserved 1062912K
  class space    used 1817K, capacity 1929K, committed 2048K, reserved 1048576K
}
Event: 2.864 GC heap before
{Heap before GC invocations=7 (full 0):
 PSYoungGen      total 136704K, used 65906K [0x00000000d6500000, 0x00000000df200000, 0x0000000100000000)
  eden space 130560K, 45% used [0x00000000d6500000,0x00000000d9f95520,0x00000000de480000)
  from space 6144K, 96% used [0x00000000deb00000,0x00000000df0c73b0,0x00000000df100000)
  to   space 6656K, 0% used [0x00000000de480000,0x00000000de480000,0x00000000deb00000)
 ParOldGen       total 86016K, used 308K [0x0000000082e00000, 0x0000000088200000, 0x00000000d6500000)
  object space 86016K, 0% used [0x0000000082e00000,0x0000000082e4d0d0,0x0000000088200000)
 Metaspace       used 20634K, capacity 21170K, committed 21248K, reserved 1067008K
  class space    used 2593K, capacity 2755K, committed 2816K, reserved 1048576K
Event: 2.874 GC heap after
Heap after GC invocations=7 (full 0):
 PSYoungGen      total 137216K, used 6651K [0x00000000d6500000, 0x00000000e7600000, 0x0000000100000000)
  eden space 130560K, 0% used [0x00000000d6500000,0x00000000d6500000,0x00000000de480000)
  from space 6656K, 99% used [0x00000000de480000,0x00000000deafec38,0x00000000deb00000)
  to   space 9216K, 0% used [0x00000000e6d00000,0x00000000e6d00000,0x00000000e7600000)
 ParOldGen       total 86016K, used 3805K [0x0000000082e00000, 0x0000000088200000, 0x00000000d6500000)
  object space 86016K, 4% used [0x0000000082e00000,0x00000000831b77e0,0x0000000088200000)
 Metaspace       used 20634K, capacity 21170K, committed 21248K, reserved 1067008K
  class space    used 2593K, capacity 2755K, committed 2816K, reserved 1048576K
}
Event: 2.875 GC heap before
{Heap before GC invocations=8 (full 1):
 PSYoungGen      total 137216K, used 6651K [0x00000000d6500000, 0x00000000e7600000, 0x0000000100000000)
  eden space 130560K, 0% used [0x00000000d6500000,0x00000000d6500000,0x00000000de480000)
  from space 6656K, 99% used [0x00000000de480000,0x00000000deafec38,0x00000000deb00000)
  to   space 9216K, 0% used [0x00000000e6d00000,0x00000000e6d00000,0x00000000e7600000)
 ParOldGen       total 86016K, used 3805K [0x0000000082e00000, 0x0000000088200000, 0x00000000d6500000)
  object space 86016K, 4% used [0x0000000082e00000,0x00000000831b77e0,0x0000000088200000)
 Metaspace       used 20634K, capacity 21170K, committed 21248K, reserved 1067008K
  class space    used 2593K, capacity 2755K, committed 2816K, reserved 1048576K
Event: 2.913 GC heap after
Heap after GC invocations=8 (full 1):
 PSYoungGen      total 137216K, used 0K [0x00000000d6500000, 0x00000000e7600000, 0x0000000100000000)
  eden space 130560K, 0% used [0x00000000d6500000,0x00000000d6500000,0x00000000de480000)
  from space 6656K, 0% used [0x00000000de480000,0x00000000de480000,0x00000000deb00000)
  to   space 9216K, 0% used [0x00000000e6d00000,0x00000000e6d00000,0x00000000e7600000)
 ParOldGen       total 56832K, used 9746K [0x0000000082e00000, 0x0000000086580000, 0x00000000d6500000)
  object space 56832K, 17% used [0x0000000082e00000,0x0000000083784a60,0x0000000086580000)
 Metaspace       used 20634K, capacity 21170K, committed 21248K, reserved 1067008K
  class space    used 2593K, capacity 2755K, committed 2816K, reserved 1048576K
}

