# JRE version: Java(TM) SE Runtime Environment (8.0_231-b11) (build 1.8.0_231-b11)
# Java VM: Java HotSpot(TM) 64-Bit Server VM (25.231-b11 mixed mode windows-amd64 compressed oops)
Heap:
 PSYoungGen      total 70656K, used 5102K [0x00000000d6500000, 0x00000000daf00000, 0x0000000100000000)
  eden space 65536K, 0% used [0x00000000d6500000,0x00000000d6500000,0x00000000da500000)
  from space 5120K, 99% used [0x00000000da500000,0x00000000da9fbb10,0x00000000daa00000)
  to   space 5120K, 0% used [0x00000000daa00000,0x00000000daa00000,0x00000000daf00000)
 ParOldGen       total 86016K, used 6979K [0x0000000082e00000, 0x0000000088200000, 0x00000000d6500000)
  object space 86016K, 8% used [0x0000000082e00000,0x00000000834d0eb8,0x0000000088200000)
 Metaspace       used 20617K, capacity 21170K, committed 21248K, reserved 1067008K
  class space    used 2585K, capacity 2755K, committed 2816K, reserved 1048576K
GC Heap History (10 events):
Event: 1.040 GC heap before
{Heap before GC invocations=3 (full 0):
 PSYoungGen      total 37888K, used 37110K [0x00000000d6500000, 0x00000000daf00000, 0x0000000100000000)
  eden space 32768K, 100% used [0x00000000d6500000,0x00000000d8500000,0x00000000d8500000)
  from space 5120K, 84% used [0x00000000d8a00000,0x00000000d8e3d8d8,0x00000000d8f00000)
  to   space 5120K, 0% used [0x00000000d8500000,0x00000000d8500000,0x00000000d8a00000)
 ParOldGen       total 86016K, used 24K [0x0000000082e00000, 0x0000000088200000, 0x00000000d6500000)
  object space 86016K, 0% used [0x0000000082e00000,0x0000000082e06000,0x0000000088200000)
 Metaspace       used 8281K, capacity 8496K, committed 8704K, reserved 1056768K
  class space    used 960K, capacity 1021K, committed 1024K, reserved 1048576K
Event: 1.043 GC heap after
Heap after GC invocations=3 (full 0):
 PSYoungGen      total 37888K, used 3734K [0x00000000d6500000, 0x00000000daf00000, 0x0000000100000000)
  eden space 32768K, 0% used [0x00000000d6500000,0x00000000d6500000,0x00000000d8500000)
  from space 5120K, 72% used [0x00000000d8500000,0x00000000d88a5920,0x00000000d8a00000)
  to   space 5120K, 0% used [0x00000000daa00000,0x00000000daa00000,0x00000000daf00000)
 ParOldGen       total 86016K, used 32K [0x0000000082e00000, 0x0000000088200000, 0x00000000d6500000)
  object space 86016K, 0% used [0x0000000082e00000,0x0000000082e08000,0x0000000088200000)
 Metaspace       used 8281K, capacity 8496K, committed 8704K, reserved 1056768K
  class space    used 960K, capacity 1021K, committed 1024K, reserved 1048576K
}
Event: 1.338 GC heap before
{Heap before GC invocations=4 (full 0):
 PSYoungGen      total 37888K, used 36502K [0x00000000d6500000, 0x00000000daf00000, 0x0000000100000000)
  eden space 32768K, 100% used [0x00000000d6500000,0x00000000d8500000,0x00000000d8500000)
  from space 5120K, 72% used [0x00000000d8500000,0x00000000d88a5920,0x00000000d8a00000)
  to   space 5120K, 0% used [0x00000000daa00000,0x00000000daa00000,0x00000000daf00000)
 ParOldGen       total 86016K, used 32K [0x0000000082e00000, 0x0000000088200000, 0x00000000d6500000)
  object space 86016K, 0% used [0x0000000082e00000,0x0000000082e08000,0x0000000088200000)
 Metaspace       used 11068K, capacity 11318K, committed 11392K, reserved 1058816K
  class space    used 1282K, capacity 1384K, committed 1408K, reserved 1048576K
Event: 1.343 GC heap after
Heap after GC invocations=4 (full 0):
 PSYoungGen      total 70656K, used 4500K [0x00000000d6500000, 0x00000000daf00000, 0x0000000100000000)
  eden space 65536K, 0% used [0x00000000d6500000,0x00000000d6500000,0x00000000da500000)
  from space 5120K, 87% used [0x00000000daa00000,0x00000000dae65048,0x00000000daf00000)
  to   space 5120K, 0% used [0x00000000da500000,0x00000000da500000,0x00000000daa00000)
 ParOldGen       total 86016K, used 40K [0x0000000082e00000, 0x0000000088200000, 0x00000000d6500000)
  object space 86016K, 0% used [0x0000000082e00000,0x0000000082e0a000,0x0000000088200000)
 Metaspace       used 11068K, capacity 11318K, committed 11392K, reserved 1058816K
  class space    used 1282K, capacity 1384K, committed 1408K, reserved 1048576K
}
Event: 1.595 GC heap before
{Heap before GC invocations=5 (full 0):
 PSYoungGen      total 70656K, used 70036K [0x00000000d6500000, 0x00000000daf00000, 0x0000000100000000)
  eden space 65536K, 100% used [0x00000000d6500000,0x00000000da500000,0x00000000da500000)
  from space 5120K, 87% used [0x00000000daa00000,0x00000000dae65048,0x00000000daf00000)
  to   space 5120K, 0% used [0x00000000da500000,0x00000000da500000,0x00000000daa00000)
 ParOldGen       total 86016K, used 40K [0x0000000082e00000, 0x0000000088200000, 0x00000000d6500000)
  object space 86016K, 0% used [0x0000000082e00000,0x0000000082e0a000,0x0000000088200000)
 Metaspace       used 13502K, capacity 13858K, committed 14080K, reserved 1060864K
  class space    used 1640K, capacity 1757K, committed 1792K, reserved 1048576K
Event: 1.601 GC heap after
Heap after GC invocations=5 (full 0):
 PSYoungGen      total 70656K, used 5088K [0x00000000d6500000, 0x00000000daf00000, 0x0000000100000000)
  eden space 65536K, 0% used [0x00000000d6500000,0x00000000d6500000,0x00000000da500000)
  from space 5120K, 99% used [0x00000000da500000,0x00000000da9f83e0,0x00000000daa00000)
  to   space 5120K, 0% used [0x00000000daa00000,0x00000000daa00000,0x00000000daf00000)
 ParOldGen       total 86016K, used 265K [0x0000000082e00000, 0x0000000088200000, 0x00000000d6500000)
  object space 86016K, 0% used [0x0000000082e00000,0x0000000082e42550,0x0000000088200000)
 Metaspace       used 13502K, capacity 13858K, committed 14080K, reserved 1060864K
  class space    used 1640K, capacity 1757K, committed 1792K, reserved 1048576K
}
Event: 1.801 GC heap before
{Heap before GC invocations=6 (full 0):
 PSYoungGen      total 70656K, used 70617K [0x00000000d6500000, 0x00000000daf00000, 0x0000000100000000)
  eden space 65536K, 99% used [0x00000000d6500000,0x00000000da4fe378,0x00000000da500000)
  from space 5120K, 99% used [0x00000000da500000,0x00000000da9f83e0,0x00000000daa00000)
  to   space 5120K, 0% used [0x00000000daa00000,0x00000000daa00000,0x00000000daf00000)
 ParOldGen       total 86016K, used 265K [0x0000000082e00000, 0x0000000088200000, 0x00000000d6500000)
  object space 86016K, 0% used [0x0000000082e00000,0x0000000082e42550,0x0000000088200000)
 Metaspace       used 15001K, capacity 15314K, committed 15616K, reserved 1062912K
  class space    used 1844K, capacity 1943K, committed 2048K, reserved 1048576K
Event: 1.806 GC heap after
Heap after GC invocations=6 (full 0):
 PSYoungGen      total 70656K, used 5108K [0x00000000d6500000, 0x00000000daf00000, 0x0000000100000000)
  eden space 65536K, 0% used [0x00000000d6500000,0x00000000d6500000,0x00000000da500000)
  from space 5120K, 99% used [0x00000000daa00000,0x00000000daefd018,0x00000000daf00000)
  to   space 5120K, 0% used [0x00000000da500000,0x00000000da500000,0x00000000daa00000)
 ParOldGen       total 86016K, used 1697K [0x0000000082e00000, 0x0000000088200000, 0x00000000d6500000)
  object space 86016K, 1% used [0x0000000082e00000,0x0000000082fa8518,0x0000000088200000)
 Metaspace       used 15001K, capacity 15314K, committed 15616K, reserved 1062912K
  class space    used 1844K, capacity 1943K, committed 2048K, reserved 1048576K
}
Event: 2.142 GC heap before
{Heap before GC invocations=7 (full 0):
 PSYoungGen      total 70656K, used 64083K [0x00000000d6500000, 0x00000000daf00000, 0x0000000100000000)
  eden space 65536K, 89% used [0x00000000d6500000,0x00000000d9e97ec8,0x00000000da500000)
  from space 5120K, 99% used [0x00000000daa00000,0x00000000daefd018,0x00000000daf00000)
  to   space 5120K, 0% used [0x00000000da500000,0x00000000da500000,0x00000000daa00000)
 ParOldGen       total 86016K, used 1697K [0x0000000082e00000, 0x0000000088200000, 0x00000000d6500000)
  object space 86016K, 1% used [0x0000000082e00000,0x0000000082fa8518,0x0000000088200000)
 Metaspace       used 20617K, capacity 21170K, committed 21248K, reserved 1067008K
  class space    used 2585K, capacity 2755K, committed 2816K, reserved 1048576K
Event: 2.148 GC heap after
Heap after GC invocations=7 (full 0):
 PSYoungGen      total 70656K, used 5102K [0x00000000d6500000, 0x00000000daf00000, 0x0000000100000000)
  eden space 65536K, 0% used [0x00000000d6500000,0x00000000d6500000,0x00000000da500000)
  from space 5120K, 99% used [0x00000000da500000,0x00000000da9fbb10,0x00000000daa00000)
  to   space 5120K, 0% used [0x00000000daa00000,0x00000000daa00000,0x00000000daf00000)
 ParOldGen       total 86016K, used 6979K [0x0000000082e00000, 0x0000000088200000, 0x00000000d6500000)
  object space 86016K, 8% used [0x0000000082e00000,0x00000000834d0eb8,0x0000000088200000)
 Metaspace       used 20617K, capacity 21170K, committed 21248K, reserved 1067008K
  class space    used 2585K, capacity 2755K, committed 2816K, reserved 1048576K
}

