# JRE version: Java(TM) SE Runtime Environment (8.0_231-b11) (build 1.8.0_231-b11)
# Java VM: Java HotSpot(TM) 64-Bit Server VM (25.231-b11 mixed mode windows-amd64 compressed oops)
Heap:
 PSYoungGen      total 269312K, used 41360K [0x00000000d6500000, 0x00000000e8380000, 0x0000000100000000)
  eden space 257024K, 16% used [0x00000000d6500000,0x00000000d8d64030,0x00000000e6000000)
  from space 12288K, 0% used [0x00000000e7780000,0x00000000e7780000,0x00000000e8380000)
  to   space 9216K, 0% used [0x00000000e6000000,0x00000000e6000000,0x00000000e6900000)
 ParOldGen       total 80384K, used 12248K [0x0000000082e00000, 0x0000000087c80000, 0x00000000d6500000)
  object space 80384K, 15% used [0x0000000082e00000,0x00000000839f6108,0x0000000087c80000)
 Metaspace       used 36463K, capacity 38298K, committed 38528K, reserved 1083392K
  class space    used 4646K, capacity 4976K, committed 4992K, reserved 1048576K
GC Heap History (10 events):
Event: 1.890 GC heap before
{Heap before GC invocations=8 (full 1):
 PSYoungGen      total 136704K, used 6644K [0x00000000d6500000, 0x00000000e7500000, 0x0000000100000000)
  eden space 130048K, 0% used [0x00000000d6500000,0x00000000d6500000,0x00000000de400000)
  from space 6656K, 99% used [0x00000000de400000,0x00000000dea7d3d8,0x00000000dea80000)
  to   space 9216K, 0% used [0x00000000e6c00000,0x00000000e6c00000,0x00000000e7500000)
 ParOldGen       total 86016K, used 4277K [0x0000000082e00000, 0x0000000088200000, 0x00000000d6500000)
  object space 86016K, 4% used [0x0000000082e00000,0x000000008322d490,0x0000000088200000)
 Metaspace       used 20605K, capacity 21170K, committed 21248K, reserved 1067008K
  class space    used 2588K, capacity 2755K, committed 2816K, reserved 1048576K
Event: 1.919 GC heap after
Heap after GC invocations=8 (full 1):
 PSYoungGen      total 136704K, used 0K [0x00000000d6500000, 0x00000000e7500000, 0x0000000100000000)
  eden space 130048K, 0% used [0x00000000d6500000,0x00000000d6500000,0x00000000de400000)
  from space 6656K, 0% used [0x00000000de400000,0x00000000de400000,0x00000000dea80000)
  to   space 9216K, 0% used [0x00000000e6c00000,0x00000000e6c00000,0x00000000e7500000)
 ParOldGen       total 57344K, used 9702K [0x0000000082e00000, 0x0000000086600000, 0x00000000d6500000)
  object space 57344K, 16% used [0x0000000082e00000,0x0000000083779bd0,0x0000000086600000)
 Metaspace       used 20605K, capacity 21170K, committed 21248K, reserved 1067008K
  class space    used 2588K, capacity 2755K, committed 2816K, reserved 1048576K
}
Event: 2.529 GC heap before
{Heap before GC invocations=9 (full 1):
 PSYoungGen      total 136704K, used 130048K [0x00000000d6500000, 0x00000000e7500000, 0x0000000100000000)
  eden space 130048K, 100% used [0x00000000d6500000,0x00000000de400000,0x00000000de400000)
  from space 6656K, 0% used [0x00000000de400000,0x00000000de400000,0x00000000dea80000)
  to   space 9216K, 0% used [0x00000000e6c00000,0x00000000e6c00000,0x00000000e7500000)
 ParOldGen       total 57344K, used 9702K [0x0000000082e00000, 0x0000000086600000, 0x00000000d6500000)
  object space 57344K, 16% used [0x0000000082e00000,0x0000000083779bd0,0x0000000086600000)
 Metaspace       used 24653K, capacity 25538K, committed 25728K, reserved 1071104K
  class space    used 3108K, capacity 3332K, committed 3456K, reserved 1048576K
Event: 2.533 GC heap after
Heap after GC invocations=9 (full 1):
 PSYoungGen      total 210432K, used 6130K [0x00000000d6500000, 0x00000000e7200000, 0x0000000100000000)
  eden space 204288K, 0% used [0x00000000d6500000,0x00000000d6500000,0x00000000e2c80000)
  from space 6144K, 99% used [0x00000000e6c00000,0x00000000e71fcbe8,0x00000000e7200000)
  to   space 9216K, 0% used [0x00000000e6000000,0x00000000e6000000,0x00000000e6900000)
 ParOldGen       total 57344K, used 9710K [0x0000000082e00000, 0x0000000086600000, 0x00000000d6500000)
  object space 57344K, 16% used [0x0000000082e00000,0x000000008377bbd0,0x0000000086600000)
 Metaspace       used 24653K, capacity 25538K, committed 25728K, reserved 1071104K
  class space    used 3108K, capacity 3332K, committed 3456K, reserved 1048576K
}
Event: 4.131 GC heap before
{Heap before GC invocations=10 (full 1):
 PSYoungGen      total 210432K, used 210418K [0x00000000d6500000, 0x00000000e7200000, 0x0000000100000000)
  eden space 204288K, 100% used [0x00000000d6500000,0x00000000e2c80000,0x00000000e2c80000)
  from space 6144K, 99% used [0x00000000e6c00000,0x00000000e71fcbe8,0x00000000e7200000)
  to   space 9216K, 0% used [0x00000000e6000000,0x00000000e6000000,0x00000000e6900000)
 ParOldGen       total 57344K, used 9710K [0x0000000082e00000, 0x0000000086600000, 0x00000000d6500000)
  object space 57344K, 16% used [0x0000000082e00000,0x000000008377bbd0,0x0000000086600000)
 Metaspace       used 33076K, capacity 34828K, committed 35072K, reserved 1079296K
  class space    used 4243K, capacity 4571K, committed 4608K, reserved 1048576K
Event: 4.140 GC heap after
Heap after GC invocations=10 (full 1):
 PSYoungGen      total 266240K, used 9206K [0x00000000d6500000, 0x00000000e8380000, 0x0000000100000000)
  eden space 257024K, 0% used [0x00000000d6500000,0x00000000d6500000,0x00000000e6000000)
  from space 9216K, 99% used [0x00000000e6000000,0x00000000e68fda50,0x00000000e6900000)
  to   space 12288K, 0% used [0x00000000e7780000,0x00000000e7780000,0x00000000e8380000)
 ParOldGen       total 57344K, used 14399K [0x0000000082e00000, 0x0000000086600000, 0x00000000d6500000)
  object space 57344K, 25% used [0x0000000082e00000,0x0000000083c0fd98,0x0000000086600000)
 Metaspace       used 33076K, capacity 34828K, committed 35072K, reserved 1079296K
  class space    used 4243K, capacity 4571K, committed 4608K, reserved 1048576K
}
Event: 4.275 GC heap before
{Heap before GC invocations=11 (full 1):
 PSYoungGen      total 266240K, used 65823K [0x00000000d6500000, 0x00000000e8380000, 0x0000000100000000)
  eden space 257024K, 22% used [0x00000000d6500000,0x00000000d9c4a398,0x00000000e6000000)
  from space 9216K, 99% used [0x00000000e6000000,0x00000000e68fda50,0x00000000e6900000)
  to   space 12288K, 0% used [0x00000000e7780000,0x00000000e7780000,0x00000000e8380000)
 ParOldGen       total 57344K, used 14399K [0x0000000082e00000, 0x0000000086600000, 0x00000000d6500000)
  object space 57344K, 25% used [0x0000000082e00000,0x0000000083c0fd98,0x0000000086600000)
 Metaspace       used 33620K, capacity 35320K, committed 35416K, reserved 1081344K
  class space    used 4308K, capacity 4607K, committed 4608K, reserved 1048576K
Event: 4.283 GC heap after
Heap after GC invocations=11 (full 1):
 PSYoungGen      total 269312K, used 5785K [0x00000000d6500000, 0x00000000e8380000, 0x0000000100000000)
  eden space 257024K, 0% used [0x00000000d6500000,0x00000000d6500000,0x00000000e6000000)
  from space 12288K, 47% used [0x00000000e7780000,0x00000000e7d26488,0x00000000e8380000)
  to   space 9216K, 0% used [0x00000000e6000000,0x00000000e6000000,0x00000000e6900000)
 ParOldGen       total 57344K, used 16476K [0x0000000082e00000, 0x0000000086600000, 0x00000000d6500000)
  object space 57344K, 28% used [0x0000000082e00000,0x0000000083e170c0,0x0000000086600000)
 Metaspace       used 33620K, capacity 35320K, committed 35416K, reserved 1081344K
  class space    used 4308K, capacity 4607K, committed 4608K, reserved 1048576K
}
Event: 4.283 GC heap before
{Heap before GC invocations=12 (full 2):
 PSYoungGen      total 269312K, used 5785K [0x00000000d6500000, 0x00000000e8380000, 0x0000000100000000)
  eden space 257024K, 0% used [0x00000000d6500000,0x00000000d6500000,0x00000000e6000000)
  from space 12288K, 47% used [0x00000000e7780000,0x00000000e7d26488,0x00000000e8380000)
  to   space 9216K, 0% used [0x00000000e6000000,0x00000000e6000000,0x00000000e6900000)
 ParOldGen       total 57344K, used 16476K [0x0000000082e00000, 0x0000000086600000, 0x00000000d6500000)
  object space 57344K, 28% used [0x0000000082e00000,0x0000000083e170c0,0x0000000086600000)
 Metaspace       used 33620K, capacity 35320K, committed 35416K, reserved 1081344K
  class space    used 4308K, capacity 4607K, committed 4608K, reserved 1048576K
Event: 4.328 GC heap after
Heap after GC invocations=12 (full 2):
 PSYoungGen      total 269312K, used 0K [0x00000000d6500000, 0x00000000e8380000, 0x0000000100000000)
  eden space 257024K, 0% used [0x00000000d6500000,0x00000000d6500000,0x00000000e6000000)
  from space 12288K, 0% used [0x00000000e7780000,0x00000000e7780000,0x00000000e8380000)
  to   space 9216K, 0% used [0x00000000e6000000,0x00000000e6000000,0x00000000e6900000)
 ParOldGen       total 80384K, used 12248K [0x0000000082e00000, 0x0000000087c80000, 0x00000000d6500000)
  object space 80384K, 15% used [0x0000000082e00000,0x00000000839f6108,0x0000000087c80000)
 Metaspace       used 33620K, capacity 35320K, committed 35416K, reserved 1081344K
  class space    used 4308K, capacity 4607K, committed 4608K, reserved 1048576K
}

