# JRE version: Java(TM) SE Runtime Environment (8.0_231-b11) (build 1.8.0_231-b11)
# Java VM: Java HotSpot(TM) 64-Bit Server VM (25.231-b11 mixed mode windows-amd64 compressed oops)
Heap:
 PSYoungGen      total 421888K, used 73356K [0x00000000d6500000, 0x00000000f2e00000, 0x0000000100000000)
  eden space 419840K, 17% used [0x00000000d6500000,0x00000000daca3108,0x00000000eff00000)
  from space 2048K, 0% used [0x00000000f2c00000,0x00000000f2c00000,0x00000000f2e00000)
  to   space 15360K, 0% used [0x00000000f1000000,0x00000000f1000000,0x00000000f1f00000)
 ParOldGen       total 79872K, used 20612K [0x0000000082e00000, 0x0000000087c00000, 0x00000000d6500000)
  object space 79872K, 25% used [0x0000000082e00000,0x0000000084221218,0x0000000087c00000)
 Metaspace       used 61516K, capacity 64286K, committed 64512K, reserved 1107968K
  class space    used 8360K, capacity 8888K, committed 8960K, reserved 1048576K
GC Heap History (10 events):
Event: 10.251 GC heap before
{Heap before GC invocations=14 (full 2):
 PSYoungGen      total 278016K, used 277986K [0x00000000d6500000, 0x00000000ee100000, 0x0000000100000000)
  eden space 266752K, 100% used [0x00000000d6500000,0x00000000e6980000,0x00000000e6980000)
  from space 11264K, 99% used [0x00000000e6980000,0x00000000e7478b08,0x00000000e7480000)
  to   space 15872K, 0% used [0x00000000ed180000,0x00000000ed180000,0x00000000ee100000)
 ParOldGen       total 79872K, used 21075K [0x0000000082e00000, 0x0000000087c00000, 0x00000000d6500000)
  object space 79872K, 26% used [0x0000000082e00000,0x0000000084294cc0,0x0000000087c00000)
 Metaspace       used 49881K, capacity 52398K, committed 52736K, reserved 1095680K
  class space    used 6357K, capacity 6812K, committed 6912K, reserved 1048576K
Event: 10.265 GC heap after
Heap after GC invocations=14 (full 2):
 PSYoungGen      total 357888K, used 4161K [0x00000000d6500000, 0x00000000ed980000, 0x0000000100000000)
  eden space 349696K, 0% used [0x00000000d6500000,0x00000000d6500000,0x00000000eba80000)
  from space 8192K, 50% used [0x00000000ed180000,0x00000000ed590660,0x00000000ed980000)
  to   space 15872K, 0% used [0x00000000eba80000,0x00000000eba80000,0x00000000eca00000)
 ParOldGen       total 79872K, used 24753K [0x0000000082e00000, 0x0000000087c00000, 0x00000000d6500000)
  object space 79872K, 30% used [0x0000000082e00000,0x000000008462c750,0x0000000087c00000)
 Metaspace       used 49881K, capacity 52398K, committed 52736K, reserved 1095680K
  class space    used 6357K, capacity 6812K, committed 6912K, reserved 1048576K
}
Event: 12.108 GC heap before
{Heap before GC invocations=15 (full 2):
 PSYoungGen      total 357888K, used 110724K [0x00000000d6500000, 0x00000000ed980000, 0x0000000100000000)
  eden space 349696K, 30% used [0x00000000d6500000,0x00000000dcd10ce0,0x00000000eba80000)
  from space 8192K, 50% used [0x00000000ed180000,0x00000000ed590660,0x00000000ed980000)
  to   space 15872K, 0% used [0x00000000eba80000,0x00000000eba80000,0x00000000eca00000)
 ParOldGen       total 79872K, used 24753K [0x0000000082e00000, 0x0000000087c00000, 0x00000000d6500000)
  object space 79872K, 30% used [0x0000000082e00000,0x000000008462c750,0x0000000087c00000)
 Metaspace       used 56287K, capacity 58886K, committed 59008K, reserved 1099776K
  class space    used 7477K, capacity 7958K, committed 8064K, reserved 1048576K
Event: 12.122 GC heap after
Heap after GC invocations=15 (full 2):
 PSYoungGen      total 365568K, used 6914K [0x00000000d6500000, 0x00000000f3b00000, 0x0000000100000000)
  eden space 349696K, 0% used [0x00000000d6500000,0x00000000d6500000,0x00000000eba80000)
  from space 15872K, 43% used [0x00000000eba80000,0x00000000ec140b70,0x00000000eca00000)
  to   space 15360K, 0% used [0x00000000f2c00000,0x00000000f2c00000,0x00000000f3b00000)
 ParOldGen       total 79872K, used 27868K [0x0000000082e00000, 0x0000000087c00000, 0x00000000d6500000)
  object space 79872K, 34% used [0x0000000082e00000,0x00000000849370c0,0x0000000087c00000)
 Metaspace       used 56287K, capacity 58886K, committed 59008K, reserved 1099776K
  class space    used 7477K, capacity 7958K, committed 8064K, reserved 1048576K
}
Event: 12.122 GC heap before
{Heap before GC invocations=16 (full 3):
 PSYoungGen      total 365568K, used 6914K [0x00000000d6500000, 0x00000000f3b00000, 0x0000000100000000)
  eden space 349696K, 0% used [0x00000000d6500000,0x00000000d6500000,0x00000000eba80000)
  from space 15872K, 43% used [0x00000000eba80000,0x00000000ec140b70,0x00000000eca00000)
  to   space 15360K, 0% used [0x00000000f2c00000,0x00000000f2c00000,0x00000000f3b00000)
 ParOldGen       total 79872K, used 27868K [0x0000000082e00000, 0x0000000087c00000, 0x00000000d6500000)
  object space 79872K, 34% used [0x0000000082e00000,0x00000000849370c0,0x0000000087c00000)
 Metaspace       used 56287K, capacity 58886K, committed 59008K, reserved 1099776K
  class space    used 7477K, capacity 7958K, committed 8064K, reserved 1048576K
Event: 12.409 GC heap after
Heap after GC invocations=16 (full 3):
 PSYoungGen      total 365568K, used 0K [0x00000000d6500000, 0x00000000f3b00000, 0x0000000100000000)
  eden space 349696K, 0% used [0x00000000d6500000,0x00000000d6500000,0x00000000eba80000)
  from space 15872K, 0% used [0x00000000eba80000,0x00000000eba80000,0x00000000eca00000)
  to   space 15360K, 0% used [0x00000000f2c00000,0x00000000f2c00000,0x00000000f3b00000)
 ParOldGen       total 79872K, used 24234K [0x0000000082e00000, 0x0000000087c00000, 0x00000000d6500000)
  object space 79872K, 30% used [0x0000000082e00000,0x00000000845aa8c0,0x0000000087c00000)
 Metaspace       used 56287K, capacity 58886K, committed 59008K, reserved 1099776K
  class space    used 7477K, capacity 7958K, committed 8064K, reserved 1048576K
}
Event: 12.798 GC heap before
{Heap before GC invocations=17 (full 3):
 PSYoungGen      total 365568K, used 25122K [0x00000000d6500000, 0x00000000f3b00000, 0x0000000100000000)
  eden space 349696K, 7% used [0x00000000d6500000,0x00000000d7d889d8,0x00000000eba80000)
  from space 15872K, 0% used [0x00000000eba80000,0x00000000eba80000,0x00000000eca00000)
  to   space 15360K, 0% used [0x00000000f2c00000,0x00000000f2c00000,0x00000000f3b00000)
 ParOldGen       total 79872K, used 24234K [0x0000000082e00000, 0x0000000087c00000, 0x00000000d6500000)
  object space 79872K, 30% used [0x0000000082e00000,0x00000000845aa8c0,0x0000000087c00000)
 Metaspace       used 57710K, capacity 60338K, committed 60416K, reserved 1107968K
  class space    used 7660K, capacity 8164K, committed 8192K, reserved 1048576K
Event: 12.802 GC heap after
Heap after GC invocations=17 (full 3):
 PSYoungGen      total 421888K, used 1883K [0x00000000d6500000, 0x00000000f2e00000, 0x0000000100000000)
  eden space 419840K, 0% used [0x00000000d6500000,0x00000000d6500000,0x00000000eff00000)
  from space 2048K, 91% used [0x00000000f2c00000,0x00000000f2dd6d78,0x00000000f2e00000)
  to   space 15360K, 0% used [0x00000000f1000000,0x00000000f1000000,0x00000000f1f00000)
 ParOldGen       total 79872K, used 24242K [0x0000000082e00000, 0x0000000087c00000, 0x00000000d6500000)
  object space 79872K, 30% used [0x0000000082e00000,0x00000000845ac8c0,0x0000000087c00000)
 Metaspace       used 57710K, capacity 60338K, committed 60416K, reserved 1107968K
  class space    used 7660K, capacity 8164K, committed 8192K, reserved 1048576K
}
Event: 12.803 GC heap before
{Heap before GC invocations=18 (full 4):
 PSYoungGen      total 421888K, used 1883K [0x00000000d6500000, 0x00000000f2e00000, 0x0000000100000000)
  eden space 419840K, 0% used [0x00000000d6500000,0x00000000d6500000,0x00000000eff00000)
  from space 2048K, 91% used [0x00000000f2c00000,0x00000000f2dd6d78,0x00000000f2e00000)
  to   space 15360K, 0% used [0x00000000f1000000,0x00000000f1000000,0x00000000f1f00000)
 ParOldGen       total 79872K, used 24242K [0x0000000082e00000, 0x0000000087c00000, 0x00000000d6500000)
  object space 79872K, 30% used [0x0000000082e00000,0x00000000845ac8c0,0x0000000087c00000)
 Metaspace       used 57710K, capacity 60338K, committed 60416K, reserved 1107968K
  class space    used 7660K, capacity 8164K, committed 8192K, reserved 1048576K
Event: 12.877 GC heap after
Heap after GC invocations=18 (full 4):
 PSYoungGen      total 421888K, used 0K [0x00000000d6500000, 0x00000000f2e00000, 0x0000000100000000)
  eden space 419840K, 0% used [0x00000000d6500000,0x00000000d6500000,0x00000000eff00000)
  from space 2048K, 0% used [0x00000000f2c00000,0x00000000f2c00000,0x00000000f2e00000)
  to   space 15360K, 0% used [0x00000000f1000000,0x00000000f1000000,0x00000000f1f00000)
 ParOldGen       total 79872K, used 20612K [0x0000000082e00000, 0x0000000087c00000, 0x00000000d6500000)
  object space 79872K, 25% used [0x0000000082e00000,0x0000000084221218,0x0000000087c00000)
 Metaspace       used 57710K, capacity 60338K, committed 60416K, reserved 1105920K
  class space    used 7660K, capacity 8164K, committed 8192K, reserved 1048576K
}

